{"/home/alexyalo/Projects/react-preload-media/src/index.tsx": {"path":"/home/alexyalo/Projects/react-preload-media/src/index.tsx","statementMap":{"0":{"start":{"line":1,"column":0},"end":{"line":1,"column":26}},"1":{"start":{"line":2,"column":0},"end":{"line":2,"column":34}},"2":{"start":{"line":15,"column":0},"end":{"line":15,"column":null}},"3":{"start":{"line":16,"column":2},"end":{"line":16,"column":null}},"4":{"start":{"line":17,"column":2},"end":{"line":17,"column":null}},"5":{"start":{"line":20,"column":18},"end":{"line":25,"column":1}},"6":{"start":{"line":21,"column":14},"end":{"line":21,"column":25}},"7":{"start":{"line":22,"column":2},"end":{"line":22,"column":27}},"8":{"start":{"line":22,"column":21},"end":{"line":22,"column":27}},"9":{"start":{"line":23,"column":2},"end":{"line":23,"column":28}},"10":{"start":{"line":23,"column":22},"end":{"line":23,"column":28}},"11":{"start":{"line":24,"column":2},"end":{"line":24,"column":16}},"12":{"start":{"line":27,"column":18},"end":{"line":32,"column":1}},"13":{"start":{"line":28,"column":16},"end":{"line":28,"column":27}},"14":{"start":{"line":29,"column":2},"end":{"line":29,"column":18}},"15":{"start":{"line":30,"column":2},"end":{"line":30,"column":29}},"16":{"start":{"line":30,"column":23},"end":{"line":30,"column":29}},"17":{"start":{"line":31,"column":2},"end":{"line":31,"column":30}},"18":{"start":{"line":31,"column":24},"end":{"line":31,"column":30}},"19":{"start":{"line":34,"column":28},"end":{"line":63,"column":1}},"20":{"start":{"line":34,"column":36},"end":{"line":34,"column":38}},"21":{"start":{"line":34,"column":48},"end":{"line":34,"column":50}},"22":{"start":{"line":34,"column":58},"end":{"line":34,"column":79}},"23":{"start":{"line":35,"column":29},"end":{"line":35,"column":64}},"24":{"start":{"line":35,"column":52},"end":{"line":35,"column":58}},"25":{"start":{"line":35,"column":17},"end":{"line":35,"column":19}},"26":{"start":{"line":35,"column":25},"end":{"line":35,"column":29}},"27":{"start":{"line":36,"column":18},"end":{"line":54,"column":null}},"28":{"start":{"line":36,"column":43},"end":{"line":54,"column":null}},"29":{"start":{"line":37,"column":10},"end":{"line":48,"column":7}},"30":{"start":{"line":37,"column":38},"end":{"line":37,"column":40}},"31":{"start":{"line":37,"column":43},"end":{"line":37,"column":45}},"32":{"start":{"line":38,"column":6},"end":{"line":47,"column":9}},"33":{"start":{"line":38,"column":47},"end":{"line":47,"column":8}},"34":{"start":{"line":39,"column":8},"end":{"line":46,"column":null}},"35":{"start":{"line":41,"column":12},"end":{"line":41,"column":32}},"36":{"start":{"line":42,"column":12},"end":{"line":42,"column":18}},"37":{"start":{"line":44,"column":12},"end":{"line":44,"column":32}},"38":{"start":{"line":45,"column":12},"end":{"line":45,"column":18}},"39":{"start":{"line":50,"column":4},"end":{"line":50,"column":32}},"40":{"start":{"line":52,"column":4},"end":{"line":52,"column":13}},"41":{"start":{"line":53,"column":4},"end":{"line":53,"column":17}},"42":{"start":{"line":56,"column":2},"end":{"line":58,"column":14}},"43":{"start":{"line":57,"column":4},"end":{"line":57,"column":19}},"44":{"start":{"line":60,"column":2},"end":{"line":60,"column":29}},"45":{"start":{"line":60,"column":16},"end":{"line":60,"column":29}},"46":{"start":{"line":62,"column":2},"end":{"line":62,"column":27}},"47":{"start":{"line":34,"column":13},"end":{"line":34,"column":28}}},"fnMap":{"0":{"name":"(anonymous_0)","decl":{"start":{"line":15,"column":0},"end":{"line":15,"column":12}},"loc":{"start":{"line":15,"column":21},"end":{"line":18,"column":1}}},"1":{"name":"(anonymous_1)","decl":{"start":{"line":20,"column":18},"end":{"line":20,"column":19}},"loc":{"start":{"line":20,"column":47},"end":{"line":25,"column":1}}},"2":{"name":"(anonymous_2)","decl":{"start":{"line":22,"column":15},"end":{"line":22,"column":21}},"loc":{"start":{"line":22,"column":15},"end":{"line":22,"column":24}}},"3":{"name":"(anonymous_3)","decl":{"start":{"line":23,"column":16},"end":{"line":23,"column":22}},"loc":{"start":{"line":23,"column":16},"end":{"line":23,"column":25}}},"4":{"name":"(anonymous_4)","decl":{"start":{"line":27,"column":18},"end":{"line":27,"column":19}},"loc":{"start":{"line":27,"column":47},"end":{"line":32,"column":1}}},"5":{"name":"(anonymous_5)","decl":{"start":{"line":30,"column":17},"end":{"line":30,"column":23}},"loc":{"start":{"line":30,"column":17},"end":{"line":30,"column":26}}},"6":{"name":"(anonymous_6)","decl":{"start":{"line":31,"column":18},"end":{"line":31,"column":24}},"loc":{"start":{"line":31,"column":18},"end":{"line":31,"column":27}}},"7":{"name":"(anonymous_7)","decl":{"start":{"line":34,"column":28},"end":{"line":34,"column":29}},"loc":{"start":{"line":34,"column":79},"end":{"line":63,"column":1}}},"8":{"name":"(anonymous_8)","decl":{"start":{"line":35,"column":46},"end":{"line":35,"column":52}},"loc":{"start":{"line":35,"column":46},"end":{"line":35,"column":56}}},"9":{"name":"(anonymous_9)","decl":{"start":{"line":36,"column":18},"end":{"line":36,"column":25}},"loc":{"start":{"line":36,"column":43},"end":{"line":54,"column":null}}},"10":{"name":"(anonymous_10)","decl":{"start":{"line":36,"column":43},"end":{"line":36,"column":null}},"loc":{"start":{"line":36,"column":43},"end":{"line":54,"column":null}}},"11":{"name":"(anonymous_12)","decl":{"start":{"line":37,"column":31},"end":{"line":37,"column":32}},"loc":{"start":{"line":37,"column":45},"end":{"line":48,"column":5}}},"12":{"name":"(anonymous_13)","decl":{"start":{"line":38,"column":31},"end":{"line":38,"column":38}},"loc":{"start":{"line":38,"column":47},"end":{"line":47,"column":8}}},"13":{"name":"(anonymous_14)","decl":{"start":{"line":38,"column":47},"end":{"line":38,"column":null}},"loc":{"start":{"line":38,"column":47},"end":{"line":47,"column":8}}},"14":{"name":"(anonymous_16)","decl":{"start":{"line":56,"column":12},"end":{"line":56,"column":null}},"loc":{"start":{"line":56,"column":12},"end":{"line":58,"column":3}}}},"branchMap":{"0":{"loc":{"start":{"line":15,"column":12},"end":{"line":15,"column":null}},"type":"binary-expr","locations":[{"start":{"line":15,"column":12},"end":{"line":15,"column":21}},{"start":{"line":15,"column":12},"end":{"line":15,"column":null}}]},"1":{"loc":{"start":{"line":39,"column":8},"end":{"line":46,"column":null}},"type":"switch","locations":[{"start":{"line":40,"column":10},"end":{"line":42,"column":18}},{"start":{"line":43,"column":10},"end":{"line":45,"column":18}}]},"2":{"loc":{"start":{"line":60,"column":2},"end":{"line":60,"column":29}},"type":"if","locations":[{"start":{"line":60,"column":2},"end":{"line":60,"column":29}}]}},"s":{"0":1,"1":1,"2":1,"3":1,"4":1,"5":1,"6":7,"7":7,"8":6,"9":7,"10":1,"11":7,"12":1,"13":2,"14":2,"15":2,"16":1,"17":2,"18":1,"19":1,"20":6,"21":6,"22":6,"23":6,"24":3,"25":6,"26":6,"27":6,"28":3,"29":3,"30":9,"31":9,"32":9,"33":9,"34":9,"35":7,"36":7,"37":2,"38":2,"39":6,"40":3,"41":3,"42":6,"43":3,"44":6,"45":3,"46":3,"47":1},"f":{"0":1,"1":7,"2":6,"3":1,"4":2,"5":1,"6":1,"7":6,"8":3,"9":3,"10":3,"11":9,"12":9,"13":9,"14":3},"b":{"0":[1,1],"1":[7,2],"2":[3]}}
}
