TN:
SF:src/index.tsx
FN:15,(anonymous_0)
FN:20,(anonymous_1)
FN:22,(anonymous_2)
FN:23,(anonymous_3)
FN:27,(anonymous_4)
FN:30,(anonymous_5)
FN:31,(anonymous_6)
FN:34,(anonymous_7)
FN:35,(anonymous_8)
FN:36,(anonymous_9)
FN:36,(anonymous_10)
FN:37,(anonymous_12)
FN:38,(anonymous_13)
FN:38,(anonymous_14)
FN:56,(anonymous_16)
FNF:15
FNH:15
FNDA:1,(anonymous_0)
FNDA:7,(anonymous_1)
FNDA:6,(anonymous_2)
FNDA:1,(anonymous_3)
FNDA:2,(anonymous_4)
FNDA:1,(anonymous_5)
FNDA:1,(anonymous_6)
FNDA:6,(anonymous_7)
FNDA:3,(anonymous_8)
FNDA:3,(anonymous_9)
FNDA:3,(anonymous_10)
FNDA:9,(anonymous_12)
FNDA:9,(anonymous_13)
FNDA:9,(anonymous_14)
FNDA:3,(anonymous_16)
DA:1,1
DA:2,1
DA:15,1
DA:16,1
DA:17,1
DA:20,1
DA:21,7
DA:22,7
DA:23,7
DA:24,7
DA:27,1
DA:28,2
DA:29,2
DA:30,2
DA:31,2
DA:34,6
DA:35,6
DA:36,6
DA:37,9
DA:38,9
DA:39,9
DA:41,7
DA:42,7
DA:44,2
DA:45,2
DA:50,6
DA:52,3
DA:53,3
DA:56,6
DA:57,3
DA:60,6
DA:62,3
LF:32
LH:32
BRDA:15,0,0,1
BRDA:15,0,1,1
BRDA:39,1,0,7
BRDA:39,1,1,2
BRDA:60,2,0,3
BRF:5
BRH:5
end_of_record
